<?xml version="1.0" encoding="UTF-8"?>

<model name="test:model" xmlns="http://www.alfresco.org/model/dictionary/1.0">

	<description>TEST Model</description>
	<author>Test</author>
	<version>1.0</version>

	<imports>
		<import uri="http://www.alfresco.org/model/dictionary/1.0" prefix="d" />
		<import uri="http://www.alfresco.org/model/content/1.0" prefix="cm" />
	</imports>

	<namespaces>
		<namespace uri="http://www.doqui.it/model/test/1.0" prefix="test" />
	</namespaces>

	<types>
		<type name="test:directory">
			<title>Directory</title>
			<parent>cm:cmobject</parent>
			<properties>
				<property name="test:dir-id">
					<title>Directory ID</title>
					<type>d:text</type>
				</property>
			</properties>
			<associations>
				<child-association name="test:entries">
					<title>Entries</title>
					<source>
						<mandatory>false</mandatory>
						<many>true</many>
					</source>
					<target>
						<class>test:document</class>
						<mandatory>false</mandatory>
						<many>true</many>
					</target>
				</child-association>
			</associations>
		</type>

		<type name="test:document">
			<title>Document</title>
			<parent>cm:content</parent>
			<properties>
				<property name="test:doc-id">
					<title>Document ID</title>
					<type>d:text</type>
				</property>
				<property name="test:desc">
					<title>Document description</title>
					<type>d:text</type>
				</property>
				<property name="test:release-date">
					<title>Data emissione documento</title>
					<type>d:date</type>
				</property>
				<property name="test:protected">
					<title>Protected document</title>
					<type>d:boolean</type>
				</property>
			</properties>
		</type>
	</types>

</model>
